{
  "RSpec": {
    "coverage": {
      "/home/ivana/rails_projects/server/pricemeter/app/models/list.rb": [
        1,
        1,
        1,
        1,
        null
      ],
      "/home/ivana/rails_projects/server/pricemeter/app/models/listitem.rb": [
        1,
        1,
        1,
        1,
        1,
        1,
        1,
        1,
        null
      ],
      "/home/ivana/rails_projects/server/pricemeter/app/models/pricemeasure.rb": [
        1,
        null,
        1,
        null,
        1,
        1,
        null,
        1,
        1,
        1,
        1,
        null,
        2,
        null,
        22,
        null,
        1,
        null,
        null,
        null,
        null,
        null,
        null,
        null,
        null,
        2,
        null,
        null,
        1,
        null,
        1,
        0,
        null,
        null,
        null,
        null,
        1,
        null,
        0,
        null,
        null,
        null,
        1,
        1,
        null,
        null,
        1,
        null,
        1,
        101,
        101,
        null,
        101,
        0,
        0,
        null,
        null,
        null,
        null,
        null,
        1,
        15,
        null,
        null,
        1,
        3,
        null,
        null,
        1,
        0,
        null,
        null,
        1,
        0,
        null,
        null,
        1,
        2,
        null,
        null,
        null
      ],
      "/home/ivana/rails_projects/server/pricemeter/app/models/supermarket.rb": [
        1,
        null,
        1,
        1,
        null,
        1,
        0,
        null,
        null
      ],
      "/home/ivana/rails_projects/server/pricemeter/app/controllers/homepage_controller.rb": [
        1,
        1,
        9,
        null,
        null
      ],
      "/home/ivana/rails_projects/server/pricemeter/app/controllers/products_controller.rb": [
        null,
        1,
        null,
        1,
        1,
        null,
        1,
        6,
        6,
        null,
        null,
        1,
        1,
        1,
        1,
        null,
        null,
        1,
        0,
        null,
        null,
        1,
        0,
        0,
        null,
        0,
        0,
        null,
        0,
        null,
        null,
        null,
        1,
        null,
        null,
        null,
        null,
        1,
        0,
        null,
        null
      ],
      "/home/ivana/rails_projects/server/pricemeter/app/controllers/supermarkets_controller.rb": [
        null,
        1,
        null,
        1,
        null,
        1,
        0,
        null,
        null,
        1,
        1,
        null,
        1,
        1,
        null,
        null,
        1,
        1,
        1,
        1,
        null,
        null,
        1,
        null,
        1,
        0,
        null,
        null,
        null
      ],
      "/home/ivana/rails_projects/server/pricemeter/app/controllers/listitems_controller.rb": [
        null,
        1,
        null,
        1,
        1,
        null,
        1,
        3,
        3,
        3,
        3,
        0,
        null,
        3,
        null,
        null,
        0,
        null,
        null,
        3,
        3,
        3,
        1,
        null,
        3,
        null,
        null,
        1,
        0,
        null,
        null,
        1,
        1,
        1,
        null,
        null,
        null,
        1,
        0,
        0,
        0,
        null,
        null,
        1,
        1,
        null,
        null,
        1,
        1,
        null,
        null,
        null,
        null,
        1,
        null,
        1,
        1,
        null,
        null,
        null,
        null
      ]
    },
    "timestamp": 1397743838
  }
}
